<?xml version="1.0" encoding="UTF-8"?>
<testsuite name="TestHashMapHashMultiMap" tests="12" skipped="0" failures="0" errors="0" timestamp="2022-11-19T06:15:32" hostname="DESKTOP-4FVIPB8" time="0.069">
  <properties/>
  <testcase name="sizeAfterClear()" classname="TestHashMapHashMultiMap" time="0.033"/>
  <testcase name="putNotNormalValue2()" classname="TestHashMapHashMultiMap" time="0.006"/>
  <testcase name="putNormalValue()" classname="TestHashMapHashMultiMap" time="0.001"/>
  <testcase name="isEmptyAfterInitialize2()" classname="TestHashMapHashMultiMap" time="0.002"/>
  <testcase name="clear2()" classname="TestHashMapHashMultiMap" time="0.0"/>
  <testcase name="putNormalValue2()" classname="TestHashMapHashMultiMap" time="0.002"/>
  <testcase name="isEmptyAfterInitialize()" classname="TestHashMapHashMultiMap" time="0.002"/>
  <testcase name="clear()" classname="TestHashMapHashMultiMap" time="0.001"/>
  <testcase name="sizeAfterClear2()" classname="TestHashMapHashMultiMap" time="0.002"/>
  <testcase name="putNotNormalValue()" classname="TestHashMapHashMultiMap" time="0.001"/>
  <testcase name="tryPutExistingKey2()" classname="TestHashMapHashMultiMap" time="0.002"/>
  <testcase name="tryPutExistingKey()" classname="TestHashMapHashMultiMap" time="0.005"/>
  <system-out><![CDATA[]]></system-out>
  <system-err><![CDATA[]]></system-err>
</testsuite>
